Barracks built at (1, 5)
Barracks built at (39, 39)
Farm built at (109, 109)
Farm built at (3, 4)
Farm built at (1, 4)
Farm built at (39, 39)
Farm built at (1, 4)
Farm built at (1, 4)
Farm built at (109, 110)
Town Centre built at (1, 4)
Sending 3 villagers to build Barracks
Town Centre built at (109, 110)
Sending 3 villagers to build Barracks
Farm built at (109, 109)
Sending 4 villagers to build Town Centre
Town Centre built at (5, 4)
Sending 3 villagers to build Barracks
Barracks built at (0, 4)
Sending 3 villagers to build Archery Range
Town Centre built at (110, 114)
Sending 4 villagers to build Camp
Farm built at (1, 4)
Farm built at (39, 39)
ValueError while collecting resources: No valid resource tile found or tile is occupied
ValueError while collecting resources: No valid resource tile found or tile is occupied
Sending 4 villagers to build Barracks
Sending 4 villagers to build Barracks
Barracks built at (39, 41)
Barracks built at (5, 4)
Villager attacked Villager for 2 damage
Villager has 23 HP left
Villager attacked Villager for 2 damage
Villager has 21 HP left
Exception while attacking: Tile is already occupied by a non-walkable building
Villager attacked Farm for 2 damage
Farm has 98 HP left
Villager attacked Farm for 2 damage
Farm has 96 HP left
Villager attacked Barracks for 2 damage
Barracks has 498 HP left
Villager attacked Villager for 2 damage
Villager has 19 HP left
Villager attacked Farm for 2 damage
Farm has 94 HP left
Villager attacked Barracks for 2 damage
Barracks has 496 HP left
Villager attacked Farm for 2 damage
Farm has 92 HP left
Villager attacked Barracks for 2 damage
Barracks has 494 HP left
Villager attacked Farm for 2 damage
Farm has 90 HP left
Villager attacked Barracks for 2 damage
Barracks has 492 HP left
Villager attacked Farm for 2 damage
Farm has 88 HP left
Villager attacked Barracks for 2 damage
Barracks has 490 HP left
Villager attacked Farm for 2 damage
Farm has 86 HP left
Villager attacked Barracks for 2 damage
Barracks has 488 HP left
Villager attacked Farm for 2 damage
Farm has 84 HP left
Villager attacked Barracks for 2 damage
Barracks has 486 HP left
Villager attacked Villager for 2 damage
Villager has 17 HP left
Villager attacked Farm for 2 damage
Farm has 82 HP left
Villager attacked Barracks for 2 damage
Barracks has 484 HP left
Villager attacked Farm for 2 damage
Farm has 80 HP left
Villager attacked Villager for 2 damage
Villager has 15 HP left
Villager attacked Barracks for 2 damage
Barracks has 482 HP left
Villager attacked Villager for 2 damage
Villager has 13 HP left
Villager attacked Farm for 2 damage
Farm has 78 HP left
Villager attacked Barracks for 2 damage
Barracks has 480 HP left
Villager attacked Farm for 2 damage
Farm has 76 HP left
Villager attacked Barracks for 2 damage
Barracks has 478 HP left
Villager attacked Villager for 2 damage
Villager has 11 HP left
Villager attacked Villager for 2 damage
Villager has 9 HP left
Villager attacked Farm for 2 damage
Farm has 74 HP left
Villager attacked Barracks for 2 damage
Barracks has 476 HP left
Villager attacked Barracks for 2 damage
Barracks has 474 HP left
Villager attacked Farm for 2 damage
Farm has 72 HP left
Villager attacked Villager for 2 damage
Villager has 7 HP left
Villager attacked Farm for 2 damage
Farm has 70 HP left
Villager attacked Barracks for 2 damage
Barracks has 472 HP left
Villager attacked Villager for 2 damage
Villager has 5 HP left
Villager attacked Villager for 2 damage
Villager has 3 HP left
Villager attacked Barracks for 2 damage
Barracks has 470 HP left
Villager attacked Farm for 2 damage
Farm has 68 HP left
Villager attacked Villager for 2 damage
Villager has 1 HP left
Villager attacked Farm for 2 damage
Farm has 66 HP left
Villager attacked Barracks for 2 damage
Barracks has 468 HP left
Villager attacked Farm for 2 damage
Farm has 64 HP left
Villager attacked Barracks for 2 damage
Barracks has 466 HP left
Villager attacked Villager for 2 damage
Villager has 0 HP left
Villager has died and its thread is stopping.
Villager attacked Farm for 2 damage
Farm has 62 HP left
Villager attacked Barracks for 2 damage
Barracks has 464 HP left
Villager has died and its thread is stopping.
Villager attacked Barracks for 2 damage
Barracks has 462 HP left
Villager attacked Farm for 2 damage
Farm has 60 HP left
Villager attacked Barracks for 2 damage
Barracks has 460 HP left
Villager attacked Farm for 2 damage
Farm has 58 HP left
Villager attacked Barracks for 2 damage
Barracks has 458 HP left
Villager attacked Farm for 2 damage
Farm has 56 HP left
Villager attacked Barracks for 2 damage
Barracks has 456 HP left
Villager attacked Farm for 2 damage
Farm has 54 HP left
Villager attacked Barracks for 2 damage
Barracks has 454 HP left
Villager attacked Farm for 2 damage
Farm has 52 HP left
Villager attacked Barracks for 2 damage
Barracks has 452 HP left
Villager attacked Farm for 2 damage
Farm has 50 HP left
Villager attacked Barracks for 2 damage
Barracks has 450 HP left
Villager attacked Farm for 2 damage
Farm has 48 HP left
Villager attacked Barracks for 2 damage
Barracks has 448 HP left
Villager attacked Farm for 2 damage
Farm has 46 HP left
Villager attacked Barracks for 2 damage
Barracks has 446 HP left
Villager attacked Farm for 2 damage
Farm has 44 HP left
Villager attacked Barracks for 2 damage
Barracks has 444 HP left
Villager attacked Farm for 2 damage
Farm has 42 HP left
Villager attacked Barracks for 2 damage
Barracks has 442 HP left
Villager attacked Farm for 2 damage
Farm has 40 HP left
Villager attacked Barracks for 2 damage
Barracks has 440 HP left
Villager attacked Farm for 2 damage
Farm has 38 HP left
Villager attacked Barracks for 2 damage
Barracks has 438 HP left
Villager attacked Farm for 2 damage
Farm has 36 HP left
Villager attacked Barracks for 2 damage
Barracks has 436 HP left
Villager attacked Farm for 2 damage
Farm has 34 HP left
Villager attacked Barracks for 2 damage
Barracks has 434 HP left
Villager attacked Farm for 2 damage
Farm has 32 HP left
Villager attacked Barracks for 2 damage
Barracks has 432 HP left
Villager attacked Farm for 2 damage
Farm has 30 HP left
Villager attacked Barracks for 2 damage
Barracks has 430 HP left
Villager attacked Farm for 2 damage
Farm has 28 HP left
Villager attacked Barracks for 2 damage
Barracks has 428 HP left
Villager attacked Farm for 2 damage
Farm has 26 HP left
Villager attacked Barracks for 2 damage
Barracks has 426 HP left
Villager attacked Farm for 2 damage
Farm has 24 HP left
Villager attacked Barracks for 2 damage
Barracks has 424 HP left
Villager attacked Farm for 2 damage
Farm has 22 HP left
Villager attacked Barracks for 2 damage
Barracks has 422 HP left
Villager attacked Farm for 2 damage
Farm has 20 HP left
Villager attacked Barracks for 2 damage
Barracks has 420 HP left
Villager attacked Farm for 2 damage
Farm has 18 HP left
Villager attacked Barracks for 2 damage
Barracks has 418 HP left
Villager attacked Farm for 2 damage
Farm has 16 HP left
Villager attacked Barracks for 2 damage
Barracks has 416 HP left
Villager attacked Farm for 2 damage
Farm has 14 HP left
Villager attacked Barracks for 2 damage
Barracks has 414 HP left
Villager attacked Farm for 2 damage
Farm has 12 HP left
Villager attacked Barracks for 2 damage
Barracks has 412 HP left
Villager attacked Farm for 2 damage
Farm has 10 HP left
Villager attacked Barracks for 2 damage
Barracks has 410 HP left
Villager attacked Farm for 2 damage
Farm has 8 HP left
Villager attacked Barracks for 2 damage
Barracks has 408 HP left
Villager attacked Farm for 2 damage
Farm has 6 HP left
Villager attacked Barracks for 2 damage
Barracks has 406 HP left
Villager attacked Farm for 2 damage
Farm has 4 HP left
Villager attacked Barracks for 2 damage
Barracks has 404 HP left
Villager attacked Farm for 2 damage
Farm has 2 HP left
Villager attacked Barracks for 2 damage
Barracks has 402 HP left
Villager attacked Farm for 2 damage
Farm has 0 HP left
Villager attacked Barracks for 2 damage
Barracks has 400 HP left
Farm has died and its thread is stopping.
Villager attacked Barracks for 2 damage
Barracks has 398 HP left
Villager attacked Barracks for 2 damage
Barracks has 396 HP left
Villager attacked Barracks for 2 damage
Barracks has 394 HP left
Villager attacked Barracks for 2 damage
Barracks has 392 HP left
Villager attacked Barracks for 2 damage
Barracks has 390 HP left
Villager attacked Barracks for 2 damage
Barracks has 388 HP left
Villager attacked Barracks for 2 damage
Barracks has 386 HP left
Villager attacked Barracks for 2 damage
Barracks has 384 HP left
Villager attacked Barracks for 2 damage
Barracks has 382 HP left
Villager attacked Barracks for 2 damage
Barracks has 380 HP left
Villager attacked Barracks for 2 damage
Barracks has 378 HP left
Villager attacked Barracks for 2 damage
Barracks has 376 HP left
Villager attacked Barracks for 2 damage
Barracks has 374 HP left
Villager attacked Barracks for 2 damage
Barracks has 372 HP left
Villager attacked Barracks for 2 damage
Barracks has 370 HP left
Villager attacked Barracks for 2 damage
Barracks has 368 HP left
Villager attacked Barracks for 2 damage
Barracks has 366 HP left
Villager attacked Barracks for 2 damage
Barracks has 364 HP left
Villager attacked Barracks for 2 damage
Barracks has 362 HP left
Villager attacked Barracks for 2 damage
Barracks has 360 HP left
Villager attacked Barracks for 2 damage
Barracks has 358 HP left
Villager attacked Barracks for 2 damage
Barracks has 356 HP left
Villager attacked Barracks for 2 damage
Barracks has 354 HP left
Villager attacked Barracks for 2 damage
Barracks has 352 HP left
Farm built at (39, 39)
Farm built at (1, 4)
Sending 4 villagers to build Barracks
Sending 4 villagers to build Town Centre
Farm built at (1, 4)
